# JRE version: OpenJDK Runtime Environment (8.0_152-b02) (build 1.8.0_152-release-1024-b02)
# Java VM: OpenJDK 64-Bit Server VM (25.152-b02 mixed mode windows-amd64 compressed oops)
Heap:
 PSYoungGen      total 416768K, used 192234K [0x00000000e0000000, 0x00000000ff280000, 0x0000000100000000)
  eden space 320512K, 55% used [0x00000000e0000000,0x00000000eaed75f0,0x00000000f3900000)
  from space 96256K, 13% used [0x00000000f3900000,0x00000000f45e3298,0x00000000f9700000)
  to   space 91648K, 0% used [0x00000000f9900000,0x00000000f9900000,0x00000000ff280000)
 ParOldGen       total 410624K, used 171474K [0x00000000a0000000, 0x00000000b9100000, 0x00000000e0000000)
  object space 410624K, 41% used [0x00000000a0000000,0x00000000aa774918,0x00000000b9100000)
 Metaspace       used 83402K, capacity 88764K, committed 88920K, reserved 1126400K
  class space    used 10455K, capacity 11373K, committed 11392K, reserved 1048576K
GC Heap History (10 events):
Event: 7377.332 GC heap before
{Heap before GC invocations=35 (full 8):
 PSYoungGen      total 415232K, used 413397K [0x00000000e0000000, 0x0000000100000000, 0x0000000100000000)
  eden space 335872K, 100% used [0x00000000e0000000,0x00000000f4800000,0x00000000f4800000)
  from space 79360K, 97% used [0x00000000fa780000,0x00000000ff335638,0x00000000ff500000)
  to   space 94208K, 0% used [0x00000000f4800000,0x00000000f4800000,0x00000000fa400000)
 ParOldGen       total 410624K, used 171450K [0x00000000a0000000, 0x00000000b9100000, 0x00000000e0000000)
  object space 410624K, 41% used [0x00000000a0000000,0x00000000aa76e918,0x00000000b9100000)
 Metaspace       used 81666K, capacity 85876K, committed 86104K, reserved 1124352K
  class space    used 10268K, capacity 11027K, committed 11136K, reserved 1048576K
Event: 7377.421 GC heap after
Heap after GC invocations=35 (full 8):
 PSYoungGen      total 420864K, used 84620K [0x00000000e0000000, 0x0000000100000000, 0x0000000100000000)
  eden space 335872K, 0% used [0x00000000e0000000,0x00000000e0000000,0x00000000f4800000)
  from space 84992K, 99% used [0x00000000f4800000,0x00000000f9aa3218,0x00000000f9b00000)
  to   space 103424K, 0% used [0x00000000f9b00000,0x00000000f9b00000,0x0000000100000000)
 ParOldGen       total 410624K, used 171458K [0x00000000a0000000, 0x00000000b9100000, 0x00000000e0000000)
  object space 410624K, 41% used [0x00000000a0000000,0x00000000aa770918,0x00000000b9100000)
 Metaspace       used 81666K, capacity 85876K, committed 86104K, reserved 1124352K
  class space    used 10268K, capacity 11027K, committed 11136K, reserved 1048576K
}
Event: 7378.499 GC heap before
{Heap before GC invocations=36 (full 8):
 PSYoungGen      total 420864K, used 420492K [0x00000000e0000000, 0x0000000100000000, 0x0000000100000000)
  eden space 335872K, 100% used [0x00000000e0000000,0x00000000f4800000,0x00000000f4800000)
  from space 84992K, 99% used [0x00000000f4800000,0x00000000f9aa3218,0x00000000f9b00000)
  to   space 103424K, 0% used [0x00000000f9b00000,0x00000000f9b00000,0x0000000100000000)
 ParOldGen       total 410624K, used 171458K [0x00000000a0000000, 0x00000000b9100000, 0x00000000e0000000)
  object space 410624K, 41% used [0x00000000a0000000,0x00000000aa770918,0x00000000b9100000)
 Metaspace       used 81668K, capacity 85876K, committed 86104K, reserved 1124352K
  class space    used 10268K, capacity 11027K, committed 11136K, reserved 1048576K
Event: 7378.515 GC heap after
Heap after GC invocations=36 (full 8):
 PSYoungGen      total 417792K, used 10315K [0x00000000e0000000, 0x0000000100000000, 0x0000000100000000)
  eden space 314368K, 0% used [0x00000000e0000000,0x00000000e0000000,0x00000000f3300000)
  from space 103424K, 9% used [0x00000000f9b00000,0x00000000fa512fe8,0x0000000100000000)
  to   space 104960K, 0% used [0x00000000f3300000,0x00000000f3300000,0x00000000f9980000)
 ParOldGen       total 410624K, used 171458K [0x00000000a0000000, 0x00000000b9100000, 0x00000000e0000000)
  object space 410624K, 41% used [0x00000000a0000000,0x00000000aa770918,0x00000000b9100000)
 Metaspace       used 81668K, capacity 85876K, committed 86104K, reserved 1124352K
  class space    used 10268K, capacity 11027K, committed 11136K, reserved 1048576K
}
Event: 7769.425 GC heap before
{Heap before GC invocations=37 (full 8):
 PSYoungGen      total 417792K, used 324683K [0x00000000e0000000, 0x0000000100000000, 0x0000000100000000)
  eden space 314368K, 100% used [0x00000000e0000000,0x00000000f3300000,0x00000000f3300000)
  from space 103424K, 9% used [0x00000000f9b00000,0x00000000fa512fe8,0x0000000100000000)
  to   space 104960K, 0% used [0x00000000f3300000,0x00000000f3300000,0x00000000f9980000)
 ParOldGen       total 410624K, used 171458K [0x00000000a0000000, 0x00000000b9100000, 0x00000000e0000000)
  object space 410624K, 41% used [0x00000000a0000000,0x00000000aa770918,0x00000000b9100000)
 Metaspace       used 82566K, capacity 87670K, committed 87896K, reserved 1126400K
  class space    used 10405K, capacity 11282K, committed 11392K, reserved 1048576K
Event: 7769.439 GC heap after
Heap after GC invocations=37 (full 8):
 PSYoungGen      total 326656K, used 12221K [0x00000000e0000000, 0x00000000ff980000, 0x0000000100000000)
  eden space 314368K, 0% used [0x00000000e0000000,0x00000000e0000000,0x00000000f3300000)
  from space 12288K, 99% used [0x00000000f3300000,0x00000000f3eef6e8,0x00000000f3f00000)
  to   space 100864K, 0% used [0x00000000f9700000,0x00000000f9700000,0x00000000ff980000)
 ParOldGen       total 410624K, used 171466K [0x00000000a0000000, 0x00000000b9100000, 0x00000000e0000000)
  object space 410624K, 41% used [0x00000000a0000000,0x00000000aa772918,0x00000000b9100000)
 Metaspace       used 82566K, capacity 87670K, committed 87896K, reserved 1126400K
  class space    used 10405K, capacity 11282K, committed 11392K, reserved 1048576K
}
Event: 8017.771 GC heap before
{Heap before GC invocations=38 (full 8):
 PSYoungGen      total 326656K, used 326554K [0x00000000e0000000, 0x00000000ff980000, 0x0000000100000000)
  eden space 314368K, 99% used [0x00000000e0000000,0x00000000f32f7218,0x00000000f3300000)
  from space 12288K, 99% used [0x00000000f3300000,0x00000000f3eef6e8,0x00000000f3f00000)
  to   space 100864K, 0% used [0x00000000f9700000,0x00000000f9700000,0x00000000ff980000)
 ParOldGen       total 410624K, used 171466K [0x00000000a0000000, 0x00000000b9100000, 0x00000000e0000000)
  object space 410624K, 41% used [0x00000000a0000000,0x00000000aa772918,0x00000000b9100000)
 Metaspace       used 82930K, capacity 88228K, committed 88408K, reserved 1126400K
  class space    used 10437K, capacity 11341K, committed 11392K, reserved 1048576K
Event: 8017.788 GC heap after
Heap after GC invocations=38 (full 8):
 PSYoungGen      total 421376K, used 13133K [0x00000000e0000000, 0x00000000ffb80000, 0x0000000100000000)
  eden space 320512K, 0% used [0x00000000e0000000,0x00000000e0000000,0x00000000f3900000)
  from space 100864K, 13% used [0x00000000f9700000,0x00000000fa3d3780,0x00000000ff980000)
  to   space 96256K, 0% used [0x00000000f3900000,0x00000000f3900000,0x00000000f9700000)
 ParOldGen       total 410624K, used 171466K [0x00000000a0000000, 0x00000000b9100000, 0x00000000e0000000)
  object space 410624K, 41% used [0x00000000a0000000,0x00000000aa772918,0x00000000b9100000)
 Metaspace       used 82930K, capacity 88228K, committed 88408K, reserved 1126400K
  class space    used 10437K, capacity 11341K, committed 11392K, reserved 1048576K
}
Event: 8608.519 GC heap before
{Heap before GC invocations=39 (full 8):
 PSYoungGen      total 421376K, used 332900K [0x00000000e0000000, 0x00000000ffb80000, 0x0000000100000000)
  eden space 320512K, 99% used [0x00000000e0000000,0x00000000f3845ac8,0x00000000f3900000)
  from space 100864K, 13% used [0x00000000f9700000,0x00000000fa3d3780,0x00000000ff980000)
  to   space 96256K, 0% used [0x00000000f3900000,0x00000000f3900000,0x00000000f9700000)
 ParOldGen       total 410624K, used 171466K [0x00000000a0000000, 0x00000000b9100000, 0x00000000e0000000)
  object space 410624K, 41% used [0x00000000a0000000,0x00000000aa772918,0x00000000b9100000)
 Metaspace       used 83209K, capacity 88552K, committed 88664K, reserved 1126400K
  class space    used 10442K, capacity 11349K, committed 11392K, reserved 1048576K
Event: 8608.538 GC heap after
Heap after GC invocations=39 (full 8):
 PSYoungGen      total 416768K, used 13196K [0x00000000e0000000, 0x00000000ff280000, 0x0000000100000000)
  eden space 320512K, 0% used [0x00000000e0000000,0x00000000e0000000,0x00000000f3900000)
  from space 96256K, 13% used [0x00000000f3900000,0x00000000f45e3298,0x00000000f9700000)
  to   space 91648K, 0% used [0x00000000f9900000,0x00000000f9900000,0x00000000ff280000)
 ParOldGen       total 410624K, used 171474K [0x00000000a0000000, 0x00000000b9100000, 0x00000000e0000000)
  object space 410624K, 41% used [0x00000000a0000000,0x00000000aa774918,0x00000000b9100000)
 Metaspace       used 83209K, capacity 88552K, committed 88664K, reserved 1126400K
  class space    used 10442K, capacity 11349K, committed 11392K, reserved 1048576K
}

