# JRE version: OpenJDK Runtime Environment (8.0_152-b02) (build 1.8.0_152-release-1024-b02)
# Java VM: OpenJDK 64-Bit Server VM (25.152-b02 mixed mode windows-amd64 compressed oops)
Heap:
 PSYoungGen      total 275456K, used 36647K [0x00000000e0000000, 0x00000000f4780000, 0x0000000100000000)
  eden space 215552K, 14% used [0x00000000e0000000,0x00000000e1dd2f98,0x00000000ed280000)
  from space 59904K, 10% used [0x00000000ed280000,0x00000000ed876fd8,0x00000000f0d00000)
  to   space 52224K, 0% used [0x00000000f1480000,0x00000000f1480000,0x00000000f4780000)
 ParOldGen       total 440320K, used 394387K [0x00000000a0000000, 0x00000000bae00000, 0x00000000e0000000)
  object space 440320K, 89% used [0x00000000a0000000,0x00000000b8124f60,0x00000000bae00000)
 Metaspace       used 77862K, capacity 81132K, committed 81408K, reserved 1120256K
  class space    used 10001K, capacity 10667K, committed 10752K, reserved 1048576K
GC Heap History (10 events):
Event: 1256.297 GC heap before
{Heap before GC invocations=20 (full 3):
 PSYoungGen      total 210944K, used 141330K [0x00000000e0000000, 0x00000000f1500000, 0x0000000100000000)
  eden space 140800K, 99% used [0x00000000e0000000,0x00000000e8962010,0x00000000e8980000)
  from space 70144K, 0% used [0x00000000ecd00000,0x00000000ecda2840,0x00000000f1180000)
  to   space 69120K, 0% used [0x00000000e8980000,0x00000000e8980000,0x00000000ecd00000)
 ParOldGen       total 440320K, used 386927K [0x00000000a0000000, 0x00000000bae00000, 0x00000000e0000000)
  object space 440320K, 87% used [0x00000000a0000000,0x00000000b79dbf98,0x00000000bae00000)
 Metaspace       used 75539K, capacity 78580K, committed 78720K, reserved 1118208K
  class space    used 9911K, capacity 10531K, committed 10624K, reserved 1048576K
Event: 1256.300 GC heap after
Heap after GC invocations=20 (full 3):
 PSYoungGen      total 209920K, used 128K [0x00000000e0000000, 0x00000000f3600000, 0x0000000100000000)
  eden space 140800K, 0% used [0x00000000e0000000,0x00000000e0000000,0x00000000e8980000)
  from space 69120K, 0% used [0x00000000e8980000,0x00000000e89a0000,0x00000000ecd00000)
  to   space 68096K, 0% used [0x00000000ef380000,0x00000000ef380000,0x00000000f3600000)
 ParOldGen       total 440320K, used 387463K [0x00000000a0000000, 0x00000000bae00000, 0x00000000e0000000)
  object space 440320K, 87% used [0x00000000a0000000,0x00000000b7a61e00,0x00000000bae00000)
 Metaspace       used 75539K, capacity 78580K, committed 78720K, reserved 1118208K
  class space    used 9911K, capacity 10531K, committed 10624K, reserved 1048576K
}
Event: 1260.458 GC heap before
{Heap before GC invocations=21 (full 3):
 PSYoungGen      total 209920K, used 140928K [0x00000000e0000000, 0x00000000f3600000, 0x0000000100000000)
  eden space 140800K, 100% used [0x00000000e0000000,0x00000000e8980000,0x00000000e8980000)
  from space 69120K, 0% used [0x00000000e8980000,0x00000000e89a0000,0x00000000ecd00000)
  to   space 68096K, 0% used [0x00000000ef380000,0x00000000ef380000,0x00000000f3600000)
 ParOldGen       total 440320K, used 387463K [0x00000000a0000000, 0x00000000bae00000, 0x00000000e0000000)
  object space 440320K, 87% used [0x00000000a0000000,0x00000000b7a61e00,0x00000000bae00000)
 Metaspace       used 75878K, capacity 78912K, committed 79232K, reserved 1118208K
  class space    used 9922K, capacity 10543K, committed 10624K, reserved 1048576K
Event: 1260.469 GC heap after
Heap after GC invocations=21 (full 3):
 PSYoungGen      total 238080K, used 4065K [0x00000000e0000000, 0x00000000f2e00000, 0x0000000100000000)
  eden space 178176K, 0% used [0x00000000e0000000,0x00000000e0000000,0x00000000eae00000)
  from space 59904K, 6% used [0x00000000ef380000,0x00000000ef778668,0x00000000f2e00000)
  to   space 65536K, 0% used [0x00000000eae00000,0x00000000eae00000,0x00000000eee00000)
 ParOldGen       total 440320K, used 387479K [0x00000000a0000000, 0x00000000bae00000, 0x00000000e0000000)
  object space 440320K, 87% used [0x00000000a0000000,0x00000000b7a65e00,0x00000000bae00000)
 Metaspace       used 75878K, capacity 78912K, committed 79232K, reserved 1118208K
  class space    used 9922K, capacity 10543K, committed 10624K, reserved 1048576K
}
Event: 1263.519 GC heap before
{Heap before GC invocations=22 (full 3):
 PSYoungGen      total 238080K, used 182011K [0x00000000e0000000, 0x00000000f2e00000, 0x0000000100000000)
  eden space 178176K, 99% used [0x00000000e0000000,0x00000000eadc68d8,0x00000000eae00000)
  from space 59904K, 6% used [0x00000000ef380000,0x00000000ef778668,0x00000000f2e00000)
  to   space 65536K, 0% used [0x00000000eae00000,0x00000000eae00000,0x00000000eee00000)
 ParOldGen       total 440320K, used 388503K [0x00000000a0000000, 0x00000000bae00000, 0x00000000e0000000)
  object space 440320K, 88% used [0x00000000a0000000,0x00000000b7b65e10,0x00000000bae00000)
 Metaspace       used 76375K, capacity 79446K, committed 79744K, reserved 1118208K
  class space    used 9937K, capacity 10556K, committed 10624K, reserved 1048576K
Event: 1263.528 GC heap after
Heap after GC invocations=22 (full 3):
 PSYoungGen      total 243712K, used 4937K [0x00000000e0000000, 0x00000000f5180000, 0x0000000100000000)
  eden space 178176K, 0% used [0x00000000e0000000,0x00000000e0000000,0x00000000eae00000)
  from space 65536K, 7% used [0x00000000eae00000,0x00000000eb2d2798,0x00000000eee00000)
  to   space 62464K, 0% used [0x00000000f1480000,0x00000000f1480000,0x00000000f5180000)
 ParOldGen       total 440320K, used 389988K [0x00000000a0000000, 0x00000000bae00000, 0x00000000e0000000)
  object space 440320K, 88% used [0x00000000a0000000,0x00000000b7cd92d0,0x00000000bae00000)
 Metaspace       used 76375K, capacity 79446K, committed 79744K, reserved 1118208K
  class space    used 9937K, capacity 10556K, committed 10624K, reserved 1048576K
}
Event: 4703.288 GC heap before
{Heap before GC invocations=23 (full 3):
 PSYoungGen      total 243712K, used 183113K [0x00000000e0000000, 0x00000000f5180000, 0x0000000100000000)
  eden space 178176K, 100% used [0x00000000e0000000,0x00000000eae00000,0x00000000eae00000)
  from space 65536K, 7% used [0x00000000eae00000,0x00000000eb2d2798,0x00000000eee00000)
  to   space 62464K, 0% used [0x00000000f1480000,0x00000000f1480000,0x00000000f5180000)
 ParOldGen       total 440320K, used 389990K [0x00000000a0000000, 0x00000000bae00000, 0x00000000e0000000)
  object space 440320K, 88% used [0x00000000a0000000,0x00000000b7cd99b0,0x00000000bae00000)
 Metaspace       used 77064K, capacity 80382K, committed 80640K, reserved 1120256K
  class space    used 9995K, capacity 10662K, committed 10752K, reserved 1048576K
Event: 4703.363 GC heap after
Heap after GC invocations=23 (full 3):
 PSYoungGen      total 267776K, used 4628K [0x00000000e0000000, 0x00000000f4780000, 0x0000000100000000)
  eden space 215552K, 0% used [0x00000000e0000000,0x00000000e0000000,0x00000000ed280000)
  from space 52224K, 8% used [0x00000000f1480000,0x00000000f1905330,0x00000000f4780000)
  to   space 59904K, 0% used [0x00000000ed280000,0x00000000ed280000,0x00000000f0d00000)
 ParOldGen       total 440320K, used 390581K [0x00000000a0000000, 0x00000000bae00000, 0x00000000e0000000)
  object space 440320K, 88% used [0x00000000a0000000,0x00000000b7d6d738,0x00000000bae00000)
 Metaspace       used 77064K, capacity 80382K, committed 80640K, reserved 1120256K
  class space    used 9995K, capacity 10662K, committed 10752K, reserved 1048576K
}
Event: 4722.147 GC heap before
{Heap before GC invocations=24 (full 3):
 PSYoungGen      total 267776K, used 220180K [0x00000000e0000000, 0x00000000f4780000, 0x0000000100000000)
  eden space 215552K, 100% used [0x00000000e0000000,0x00000000ed280000,0x00000000ed280000)
  from space 52224K, 8% used [0x00000000f1480000,0x00000000f1905330,0x00000000f4780000)
  to   space 59904K, 0% used [0x00000000ed280000,0x00000000ed280000,0x00000000f0d00000)
 ParOldGen       total 440320K, used 390581K [0x00000000a0000000, 0x00000000bae00000, 0x00000000e0000000)
  object space 440320K, 88% used [0x00000000a0000000,0x00000000b7d6d738,0x00000000bae00000)
 Metaspace       used 77791K, capacity 81060K, committed 81152K, reserved 1120256K
  class space    used 10001K, capacity 10667K, committed 10752K, reserved 1048576K
Event: 4722.170 GC heap after
Heap after GC invocations=24 (full 3):
 PSYoungGen      total 275456K, used 6107K [0x00000000e0000000, 0x00000000f4780000, 0x0000000100000000)
  eden space 215552K, 0% used [0x00000000e0000000,0x00000000e0000000,0x00000000ed280000)
  from space 59904K, 10% used [0x00000000ed280000,0x00000000ed876fd8,0x00000000f0d00000)
  to   space 52224K, 0% used [0x00000000f1480000,0x00000000f1480000,0x00000000f4780000)
 ParOldGen       total 440320K, used 394387K [0x00000000a0000000, 0x00000000bae00000, 0x00000000e0000000)
  object space 440320K, 89% used [0x00000000a0000000,0x00000000b8124f60,0x00000000bae00000)
 Metaspace       used 77791K, capacity 81060K, committed 81152K, reserved 1120256K
  class space    used 10001K, capacity 10667K, committed 10752K, reserved 1048576K
}

